<?xml version="1.0" encoding="UTF-8" standalone="yes"?><!DOCTYPE report PUBLIC "-//JACOCO//DTD Report 1.0//EN" "report.dtd"><report name="gameoflife-build"><sessioninfo id="ip-172-31-4-110.ec2.internal-bf713332" start="1663499657196" dump="1663499657725"/><sessioninfo id="ip-172-31-4-110.ec2.internal-46f312d1" start="1663499658504" dump="1663499658991"/><sessioninfo id="ip-172-31-4-110.ec2.internal-a2ddd446" start="1663564131465" dump="1663564132000"/><sessioninfo id="ip-172-31-4-110.ec2.internal-acd42a88" start="1663564132760" dump="1663564133485"/></report>