<?xml version="1.0" encoding="UTF-8" standalone="yes"?><!DOCTYPE report PUBLIC "-//JACOCO//DTD Report 1.0//EN" "report.dtd"><report name="gameoflife-web"><sessioninfo id="ip-172-31-4-110.ec2.internal-78403c3c" start="1663499668951" dump="1663499670488"/><sessioninfo id="ip-172-31-4-110.ec2.internal-5f967f4b" start="1663499672192" dump="1663499672968"/><sessioninfo id="ip-172-31-4-110.ec2.internal-e82d9a69" start="1663564145205" dump="1663564147146"/><sessioninfo id="ip-172-31-4-110.ec2.internal-47b47a6f" start="1663564148760" dump="1663564149515"/><package name="com/wakaleo/gameoflife/webtests/controllers"><class name="com/wakaleo/gameoflife/webtests/controllers/GameController"><method name="&lt;init&gt;" desc="()V" line="23"><counter type="INSTRUCTION" missed="0" covered="8"/><counter type="LINE" missed="0" covered="2"/><counter type="COMPLEXITY" missed="0" covered="1"/><counter type="METHOD" missed="0" covered="1"/></method><method name="newGame" desc="()Lorg/springframework/web/servlet/ModelAndView;" line="30"><counter type="INSTRUCTION" missed="0" covered="19"/><counter type="LINE" missed="0" covered="5"/><counter type="COMPLEXITY" missed="0" covered="1"/><counter type="METHOD" missed="0" covered="1"/></method><method name="firstGeneration" desc="(IILjavax/servlet/http/HttpServletRequest;)Lorg/springframework/web/servlet/ModelAndView;" line="43"><counter type="INSTRUCTION" missed="0" covered="13"/><counter type="LINE" missed="0" covered="3"/><counter type="COMPLEXITY" missed="0" covered="1"/><counter type="METHOD" missed="0" covered="1"/></method><method name="nextGeneration" desc="(IILjavax/servlet/http/HttpServletRequest;)Lorg/springframework/web/servlet/ModelAndView;" line="55"><counter type="INSTRUCTION" missed="0" covered="15"/><counter type="LINE" missed="0" covered="4"/><counter type="COMPLEXITY" missed="0" covered="1"/><counter type="METHOD" missed="0" covered="1"/></method><method name="thinkABit" desc="(I)V" line="65"><counter type="INSTRUCTION" missed="3" covered="14"/><counter type="LINE" missed="2" covered="4"/><counter type="COMPLEXITY" missed="0" covered="1"/><counter type="METHOD" missed="0" covered="1"/></method><method name="universeInstanciatedByDimensions" desc="(II)Lcom/wakaleo/gameoflife/domain/Universe;" line="75"><counter type="INSTRUCTION" missed="0" covered="26"/><counter type="BRANCH" missed="0" covered="4"/><counter type="LINE" missed="0" covered="5"/><counter type="COMPLEXITY" missed="0" covered="3"/><counter type="METHOD" missed="0" covered="1"/></method><method name="universeInstanciatedFromClickedCells" desc="(IILjavax/servlet/http/HttpServletRequest;)Lcom/wakaleo/gameoflife/domain/Universe;" line="87"><counter type="INSTRUCTION" missed="4" covered="27"/><counter type="BRANCH" missed="1" covered="5"/><counter type="LINE" missed="1" covered="5"/><counter type="COMPLEXITY" missed="1" covered="3"/><counter type="METHOD" missed="0" covered="1"/></method><method name="showGridScreen" desc="(Lcom/wakaleo/gameoflife/domain/Universe;)Lorg/springframework/web/servlet/ModelAndView;" line="100"><counter type="INSTRUCTION" missed="0" covered="30"/><counter type="LINE" missed="0" covered="5"/><counter type="COMPLEXITY" missed="0" covered="1"/><counter type="METHOD" missed="0" covered="1"/></method><method name="cellWasClickedAt" desc="(IILjavax/servlet/http/HttpServletRequest;)Z" line="111"><counter type="INSTRUCTION" missed="2" covered="19"/><counter type="BRANCH" missed="1" covered="1"/><counter type="LINE" missed="0" covered="2"/><counter type="COMPLEXITY" missed="1" covered="1"/><counter type="METHOD" missed="0" covered="1"/></method><method name="getRandomGenerator" desc="()Ljava/util/Random;" line="118"><counter type="INSTRUCTION" missed="0" covered="3"/><counter type="LINE" missed="0" covered="1"/><counter type="COMPLEXITY" missed="0" covered="1"/><counter type="METHOD" missed="0" covered="1"/></method><counter type="INSTRUCTION" missed="9" covered="174"/><counter type="BRANCH" missed="2" covered="10"/><counter type="LINE" missed="3" covered="36"/><counter type="COMPLEXITY" missed="2" covered="14"/><counter type="METHOD" missed="0" covered="10"/><counter type="CLASS" missed="0" covered="1"/></class><class name="com/wakaleo/gameoflife/webtests/controllers/HomePageController"><method name="&lt;init&gt;" desc="()V" line="15"><counter type="INSTRUCTION" missed="0" covered="3"/><counter type="LINE" missed="0" covered="1"/><counter type="COMPLEXITY" missed="0" covered="1"/><counter type="METHOD" missed="0" covered="1"/></method><method name="index" desc="()Lorg/springframework/web/servlet/ModelAndView;" line="18"><counter type="INSTRUCTION" missed="0" covered="5"/><counter type="LINE" missed="0" covered="1"/><counter type="COMPLEXITY" missed="0" covered="1"/><counter type="METHOD" missed="0" covered="1"/></method><method name="home" desc="()Lorg/springframework/web/servlet/ModelAndView;" line="24"><counter type="INSTRUCTION" missed="0" covered="5"/><counter type="LINE" missed="0" covered="1"/><counter type="COMPLEXITY" missed="0" covered="1"/><counter type="METHOD" missed="0" covered="1"/></method><counter type="INSTRUCTION" missed="0" covered="13"/><counter type="LINE" missed="0" covered="3"/><counter type="COMPLEXITY" missed="0" covered="3"/><counter type="METHOD" missed="0" covered="3"/><counter type="CLASS" missed="0" covered="1"/></class><sourcefile name="HomePageController.java"><line nr="15" mi="0" ci="3" mb="0" cb="0"/><line nr="18" mi="0" ci="5" mb="0" cb="0"/><line nr="24" mi="0" ci="5" mb="0" cb="0"/><counter type="INSTRUCTION" missed="0" covered="13"/><counter type="LINE" missed="0" covered="3"/><counter type="COMPLEXITY" missed="0" covered="3"/><counter type="METHOD" missed="0" covered="3"/><counter type="CLASS" missed="0" covered="1"/></sourcefile><sourcefile name="GameController.java"><line nr="23" mi="0" ci="2" mb="0" cb="0"/><line nr="25" mi="0" ci="6" mb="0" cb="0"/><line nr="30" mi="0" ci="5" mb="0" cb="0"/><line nr="31" mi="0" ci="4" mb="0" cb="0"/><line nr="32" mi="0" ci="5" mb="0" cb="0"/><line nr="33" mi="0" ci="3" mb="0" cb="0"/><line nr="34" mi="0" ci="2" mb="0" cb="0"/><line nr="43" mi="0" ci="6" mb="0" cb="0"/><line nr="44" mi="0" ci="3" mb="0" cb="0"/><line nr="46" mi="0" ci="4" mb="0" cb="0"/><line nr="55" mi="0" ci="6" mb="0" cb="0"/><line nr="56" mi="0" ci="2" mb="0" cb="0"/><line nr="58" mi="0" ci="3" mb="0" cb="0"/><line nr="60" mi="0" ci="4" mb="0" cb="0"/><line nr="65" mi="0" ci="7" mb="0" cb="0"/><line nr="67" mi="0" ci="5" mb="0" cb="0"/><line nr="68" mi="1" ci="0" mb="0" cb="0"/><line nr="69" mi="2" ci="0" mb="0" cb="0"/><line nr="70" mi="0" ci="1" mb="0" cb="0"/><line nr="71" mi="0" ci="1" mb="0" cb="0"/><line nr="75" mi="0" ci="6" mb="0" cb="0"/><line nr="76" mi="0" ci="7" mb="0" cb="2"/><line nr="77" mi="0" ci="7" mb="0" cb="2"/><line nr="78" mi="0" ci="4" mb="0" cb="0"/><line nr="81" mi="0" ci="2" mb="0" cb="0"/><line nr="87" mi="0" ci="5" mb="0" cb="0"/><line nr="88" mi="0" ci="7" mb="0" cb="2"/><line nr="89" mi="0" ci="7" mb="0" cb="2"/><line nr="90" mi="0" ci="6" mb="1" cb="1"/><line nr="91" mi="4" ci="0" mb="0" cb="0"/><line nr="95" mi="0" ci="2" mb="0" cb="0"/><line nr="100" mi="0" ci="5" mb="0" cb="0"/><line nr="101" mi="0" ci="5" mb="0" cb="0"/><line nr="102" mi="0" ci="8" mb="0" cb="0"/><line nr="103" mi="0" ci="10" mb="0" cb="0"/><line nr="104" mi="0" ci="2" mb="0" cb="0"/><line nr="111" mi="0" ci="13" mb="0" cb="0"/><line nr="112" mi="2" ci="6" mb="1" cb="1"/><line nr="118" mi="0" ci="3" mb="0" cb="0"/><counter type="INSTRUCTION" missed="9" covered="174"/><counter type="BRANCH" missed="2" covered="10"/><counter type="LINE" missed="3" covered="36"/><counter type="COMPLEXITY" missed="2" covered="14"/><counter type="METHOD" missed="0" covered="10"/><counter type="CLASS" missed="0" covered="1"/></sourcefile><counter type="INSTRUCTION" missed="9" covered="187"/><counter type="BRANCH" missed="2" covered="10"/><counter type="LINE" missed="3" covered="39"/><counter type="COMPLEXITY" missed="2" covered="17"/><counter type="METHOD" missed="0" covered="13"/><counter type="CLASS" missed="0" covered="2"/></package><counter type="INSTRUCTION" missed="9" covered="187"/><counter type="BRANCH" missed="2" covered="10"/><counter type="LINE" missed="3" covered="39"/><counter type="COMPLEXITY" missed="2" covered="17"/><counter type="METHOD" missed="0" covered="13"/><counter type="CLASS" missed="0" covered="2"/></report>